        -:    0:Source:grafo.cpp
        -:    0:Graph:main_grafo.gcno
        -:    0:Data:main_grafo.gcda
        -:    0:Runs:1
        -:    0:Programs:1
        -:    1:#include <stdio.h>
        -:    2:#include <string.h>
        -:    3:#include <stdlib.h>
        -:    4:#include <unistd.h>
        -:    5:#include "grafo.h"
        -:    6:
        -:    7:
        -:    8:      
        3:    9:void menu(){
        3:   10:       system("clear");
        3:   11:       printf(" _____________________________________________________________________________\n");
        3:   12:       printf("|                                                                             |\n"); 
        3:   13:       printf("|                                                                             |\n");             
        3:   14:       printf("|                         |------- M E N U -------|                           |\n");
        3:   15:       printf("|                         |_______________________|                           |\n");
        3:   16:       printf("|                         | 1 - CRIAR PESSOA      |                           |\n");
        3:   17:       printf("|                      ADM| 2 - EDITAR PESSOAS    |                           |\n");
        3:   18:       printf("|                      ADM| 3 - EXIBIR PESSOAS    |                           |\n");
        3:   19:       printf("|                      ADM| 4 - INSERIR AMIZADE   |                           |\n");
        3:   20:       printf("|                      ADM| 5 - EDITAR  AMIZADE   |                           |\n");
        3:   21:       printf("|                      ADM| 6 - EXIBIR AMIZADE    |                           |\n");
        3:   22:       printf("|                      ADM| 7 - BUSCAR AMIZADE    |                           |\n");
        3:   23:       printf("|                         | 8- FINALIZAR          |                           |\n");              
        3:   24:       printf("|                         |_______________________|                           |\n");
        3:   25:       printf("|                                                                             |\n");
        3:   26:       printf("|                                                                             |\n");
        3:   27:       printf("|_____________________________________________________________________________|\n");              
        3:   28:       printf("                             INFORME SUA OPCAO: ");
        3:   29:}
        -:   30:
        1:   31:void fim(){
        1:   32:      printf("\n _____________________________________________________________________________");
        1:   33:      printf("\n|                     VOCE OPTOU POR FINALIZAR O PROGRAMA!                    |");
        1:   34:      printf("\n|                      PRESSIONE QUALQUER TECLA PARA SAIR                     |");
        1:   35:      printf("\n|_____________________________________________________________________________|\n");
        1:   36:}
        -:   37:
